-- Attaching packages --------------------------------------- tidyverse 1.2.1 --
v ggplot2 3.1.0     v purrr   0.3.3
v tibble  2.1.3     v dplyr   0.8.3
v tidyr   1.0.0     v stringr 1.4.0
v readr   1.3.1     v forcats 0.3.0
-- Conflicts ------------------------------------------ tidyverse_conflicts() --
x dplyr::filter() masks stats::filter()
x dplyr::lag()    masks stats::lag()
Warning messages:
1: package 'tibble' was built under R version 3.5.3 
2: package 'tidyr' was built under R version 3.5.3 
3: package 'purrr' was built under R version 3.5.3 
4: package 'dplyr' was built under R version 3.5.3 
5: package 'stringr' was built under R version 3.5.3 
-- Attaching packages --------------------------------------- tidyverse 1.2.1 --
v ggplot2 3.1.0     v purrr   0.3.3
v tibble  2.1.3     v dplyr   0.8.3
v tidyr   1.0.0     v stringr 1.4.0
v readr   1.3.1     v forcats 0.3.0
-- Conflicts ------------------------------------------ tidyverse_conflicts() --
x dplyr::filter() masks stats::filter()
x dplyr::lag()    masks stats::lag()
Warning messages:
1: package 'tibble' was built under R version 3.5.3 
2: package 'tidyr' was built under R version 3.5.3 
3: package 'purrr' was built under R version 3.5.3 
4: package 'dplyr' was built under R version 3.5.3 
5: package 'stringr' was built under R version 3.5.3 
-- Attaching packages --------------------------------------- tidyverse 1.2.1 --
v ggplot2 3.1.0     v purrr   0.3.3
v tibble  2.1.3     v dplyr   0.8.3
v tidyr   1.0.0     v stringr 1.4.0
v readr   1.3.1     v forcats 0.3.0
-- Conflicts ------------------------------------------ tidyverse_conflicts() --
x dplyr::filter() masks stats::filter()
x dplyr::lag()    masks stats::lag()
Warning messages:
1: package 'tibble' was built under R version 3.5.3 
2: package 'tidyr' was built under R version 3.5.3 
3: package 'purrr' was built under R version 3.5.3 
4: package 'dplyr' was built under R version 3.5.3 
5: package 'stringr' was built under R version 3.5.3 
-- Attaching packages --------------------------------------- tidyverse 1.2.1 --
v ggplot2 3.1.0     v purrr   0.3.3
v tibble  2.1.3     v dplyr   0.8.3
v tidyr   1.0.0     v stringr 1.4.0
v readr   1.3.1     v forcats 0.3.0
-- Conflicts ------------------------------------------ tidyverse_conflicts() --
x dplyr::filter() masks stats::filter()
x dplyr::lag()    masks stats::lag()
Warning messages:
1: package 'tibble' was built under R version 3.5.3 
2: package 'tidyr' was built under R version 3.5.3 
3: package 'purrr' was built under R version 3.5.3 
4: package 'dplyr' was built under R version 3.5.3 
5: package 'stringr' was built under R version 3.5.3 
-- Attaching packages --------------------------------------- tidyverse 1.2.1 --
v ggplot2 3.1.0     v purrr   0.3.3
v tibble  2.1.3     v dplyr   0.8.3
v tidyr   1.0.0     v stringr 1.4.0
v readr   1.3.1     v forcats 0.3.0
-- Conflicts ------------------------------------------ tidyverse_conflicts() --
x dplyr::filter() masks stats::filter()
x dplyr::lag()    masks stats::lag()
Warning messages:
1: package 'tibble' was built under R version 3.5.3 
2: package 'tidyr' was built under R version 3.5.3 
3: package 'purrr' was built under R version 3.5.3 
4: package 'dplyr' was built under R version 3.5.3 
5: package 'stringr' was built under R version 3.5.3 
-- Attaching packages --------------------------------------- tidyverse 1.2.1 --
v ggplot2 3.1.0     v purrr   0.3.3
v tibble  2.1.3     v dplyr   0.8.3
v tidyr   1.0.0     v stringr 1.4.0
v readr   1.3.1     v forcats 0.3.0
-- Conflicts ------------------------------------------ tidyverse_conflicts() --
x dplyr::filter() masks stats::filter()
x dplyr::lag()    masks stats::lag()
Warning messages:
1: package 'tibble' was built under R version 3.5.3 
2: package 'tidyr' was built under R version 3.5.3 
3: package 'purrr' was built under R version 3.5.3 
4: package 'dplyr' was built under R version 3.5.3 
5: package 'stringr' was built under R version 3.5.3 
-- Attaching packages --------------------------------------- tidyverse 1.2.1 --
v ggplot2 3.1.0     v purrr   0.3.3
v tibble  2.1.3     v dplyr   0.8.3
v tidyr   1.0.0     v stringr 1.4.0
v readr   1.3.1     v forcats 0.3.0
-- Conflicts ------------------------------------------ tidyverse_conflicts() --
x dplyr::filter() masks stats::filter()
x dplyr::lag()    masks stats::lag()
Warning messages:
1: package 'tibble' was built under R version 3.5.3 
2: package 'tidyr' was built under R version 3.5.3 
3: package 'purrr' was built under R version 3.5.3 
4: package 'dplyr' was built under R version 3.5.3 
5: package 'stringr' was built under R version 3.5.3 
-- Attaching packages --------------------------------------- tidyverse 1.2.1 --
v ggplot2 3.1.0     v purrr   0.3.3
v tibble  2.1.3     v dplyr   0.8.3
v tidyr   1.0.0     v stringr 1.4.0
v readr   1.3.1     v forcats 0.3.0
-- Conflicts ------------------------------------------ tidyverse_conflicts() --
x dplyr::filter() masks stats::filter()
x dplyr::lag()    masks stats::lag()
Warning messages:
1: package 'tibble' was built under R version 3.5.3 
2: package 'tidyr' was built under R version 3.5.3 
3: package 'purrr' was built under R version 3.5.3 
4: package 'dplyr' was built under R version 3.5.3 
5: package 'stringr' was built under R version 3.5.3 
-- Attaching packages --------------------------------------- tidyverse 1.2.1 --
v ggplot2 3.1.0     v purrr   0.3.3
v tibble  2.1.3     v dplyr   0.8.3
v tidyr   1.0.0     v stringr 1.4.0
v readr   1.3.1     v forcats 0.3.0
-- Conflicts ------------------------------------------ tidyverse_conflicts() --
x dplyr::filter() masks stats::filter()
x dplyr::lag()    masks stats::lag()
Warning messages:
1: package 'tibble' was built under R version 3.5.3 
2: package 'tidyr' was built under R version 3.5.3 
3: package 'purrr' was built under R version 3.5.3 
4: package 'dplyr' was built under R version 3.5.3 
5: package 'stringr' was built under R version 3.5.3 
-- Attaching packages --------------------------------------- tidyverse 1.2.1 --
v ggplot2 3.1.0     v purrr   0.3.3
v tibble  2.1.3     v dplyr   0.8.3
v tidyr   1.0.0     v stringr 1.4.0
v readr   1.3.1     v forcats 0.3.0
-- Conflicts ------------------------------------------ tidyverse_conflicts() --
x dplyr::filter() masks stats::filter()
x dplyr::lag()    masks stats::lag()
Error: Column `pick_of_the_week` can't be converted from logical to list
In addition: Warning messages:
1: package 'tibble' was built under R version 3.5.3 
2: package 'tidyr' was built under R version 3.5.3 
3: package 'purrr' was built under R version 3.5.3 
4: package 'dplyr' was built under R version 3.5.3 
5: package 'stringr' was built under R version 3.5.3 
6: package 'textclean' was built under R version 3.5.3 
Execution halted
-- Attaching packages --------------------------------------- tidyverse 1.2.1 --
v ggplot2 3.1.0     v purrr   0.3.3
v tibble  2.1.3     v dplyr   0.8.3
v tidyr   1.0.0     v stringr 1.4.0
v readr   1.3.1     v forcats 0.3.0
-- Conflicts ------------------------------------------ tidyverse_conflicts() --
x dplyr::filter() masks stats::filter()
x dplyr::lag()    masks stats::lag()
Warning messages:
1: package 'tibble' was built under R version 3.5.3 
2: package 'tidyr' was built under R version 3.5.3 
3: package 'purrr' was built under R version 3.5.3 
4: package 'dplyr' was built under R version 3.5.3 
5: package 'stringr' was built under R version 3.5.3 
6: package 'textclean' was built under R version 3.5.3 
-- Attaching packages --------------------------------------- tidyverse 1.2.1 --
v ggplot2 3.1.0     v purrr   0.3.3
v tibble  2.1.3     v dplyr   0.8.3
v tidyr   1.0.0     v stringr 1.4.0
v readr   1.3.1     v forcats 0.3.0
-- Conflicts ------------------------------------------ tidyverse_conflicts() --
x dplyr::filter() masks stats::filter()
x dplyr::lag()    masks stats::lag()
Warning messages:
1: package 'tibble' was built under R version 3.5.3 
2: package 'tidyr' was built under R version 3.5.3 
3: package 'purrr' was built under R version 3.5.3 
4: package 'dplyr' was built under R version 3.5.3 
5: package 'stringr' was built under R version 3.5.3 
6: package 'textclean' was built under R version 3.5.3 
